<?xml version="1.0" encoding="UTF-8"?>
<testsuite xmlns:xsi="http://www.w3.org/2001/XMLSchema-instance" xsi:noNamespaceSchemaLocation="https://maven.apache.org/surefire/maven-surefire-plugin/xsd/surefire-test-report.xsd" name="com.kims.nexacro.DemoNexacroWeb2ApplicationTests" time="4.53" tests="1" errors="0" skipped="0" failures="0">
  <properties>
    <property name="sun.desktop" value="windows"/>
    <property name="awt.toolkit" value="sun.awt.windows.WToolkit"/>
    <property name="file.encoding.pkg" value="sun.io"/>
    <property name="java.specification.version" value="1.8"/>
    <property name="sun.cpu.isalist" value="amd64"/>
    <property name="sun.jnu.encoding" value="MS949"/>
    <property name="java.class.path" value="C:\dev\git_gitea\nexacro-web\target\test-classes;C:\dev\git_gitea\nexacro-web\target\classes;C:\dev\git_gitea\nexacro-web\src\main\webapp\WEB-INF\lib\org\springframework\boot\spring-boot-starter-web\2.4.4\spring-boot-starter-web-2.4.4.jar;C:\dev\git_gitea\nexacro-web\src\main\webapp\WEB-INF\lib\org\springframework\boot\spring-boot-starter\2.4.4\spring-boot-starter-2.4.4.jar;C:\dev\git_gitea\nexacro-web\src\main\webapp\WEB-INF\lib\org\springframework\boot\spring-boot\2.4.4\spring-boot-2.4.4.jar;C:\dev\git_gitea\nexacro-web\src\main\webapp\WEB-INF\lib\org\springframework\boot\spring-boot-autoconfigure\2.4.4\spring-boot-autoconfigure-2.4.4.jar;C:\dev\git_gitea\nexacro-web\src\main\webapp\WEB-INF\lib\org\springframework\boot\spring-boot-starter-logging\2.4.4\spring-boot-starter-logging-2.4.4.jar;C:\dev\git_gitea\nexacro-web\src\main\webapp\WEB-INF\lib\ch\qos\logback\logback-classic\1.2.3\logback-classic-1.2.3.jar;C:\dev\git_gitea\nexacro-web\src\main\webapp\WEB-INF\lib\ch\qos\logback\logback-core\1.2.3\logback-core-1.2.3.jar;C:\dev\git_gitea\nexacro-web\src\main\webapp\WEB-INF\lib\org\apache\logging\log4j\log4j-to-slf4j\2.13.3\log4j-to-slf4j-2.13.3.jar;C:\dev\git_gitea\nexacro-web\src\main\webapp\WEB-INF\lib\org\apache\logging\log4j\log4j-api\2.13.3\log4j-api-2.13.3.jar;C:\dev\git_gitea\nexacro-web\src\main\webapp\WEB-INF\lib\org\slf4j\jul-to-slf4j\1.7.30\jul-to-slf4j-1.7.30.jar;C:\dev\git_gitea\nexacro-web\src\main\webapp\WEB-INF\lib\org\yaml\snakeyaml\1.27\snakeyaml-1.27.jar;C:\dev\git_gitea\nexacro-web\src\main\webapp\WEB-INF\lib\org\springframework\boot\spring-boot-starter-json\2.4.4\spring-boot-starter-json-2.4.4.jar;C:\dev\git_gitea\nexacro-web\src\main\webapp\WEB-INF\lib\com\fasterxml\jackson\core\jackson-databind\2.11.4\jackson-databind-2.11.4.jar;C:\dev\git_gitea\nexacro-web\src\main\webapp\WEB-INF\lib\com\fasterxml\jackson\core\jackson-annotations\2.11.4\jackson-annotations-2.11.4.jar;C:\dev\git_gitea\nexacro-web\src\main\webapp\WEB-INF\lib\com\fasterxml\jackson\core\jackson-core\2.11.4\jackson-core-2.11.4.jar;C:\dev\git_gitea\nexacro-web\src\main\webapp\WEB-INF\lib\com\fasterxml\jackson\datatype\jackson-datatype-jdk8\2.11.4\jackson-datatype-jdk8-2.11.4.jar;C:\dev\git_gitea\nexacro-web\src\main\webapp\WEB-INF\lib\com\fasterxml\jackson\datatype\jackson-datatype-jsr310\2.11.4\jackson-datatype-jsr310-2.11.4.jar;C:\dev\git_gitea\nexacro-web\src\main\webapp\WEB-INF\lib\com\fasterxml\jackson\module\jackson-module-parameter-names\2.11.4\jackson-module-parameter-names-2.11.4.jar;C:\dev\git_gitea\nexacro-web\src\main\webapp\WEB-INF\lib\org\springframework\spring-web\5.3.5\spring-web-5.3.5.jar;C:\dev\git_gitea\nexacro-web\src\main\webapp\WEB-INF\lib\org\springframework\spring-beans\5.3.5\spring-beans-5.3.5.jar;C:\dev\git_gitea\nexacro-web\src\main\webapp\WEB-INF\lib\org\springframework\spring-webmvc\5.3.5\spring-webmvc-5.3.5.jar;C:\dev\git_gitea\nexacro-web\src\main\webapp\WEB-INF\lib\org\springframework\spring-aop\5.3.5\spring-aop-5.3.5.jar;C:\dev\git_gitea\nexacro-web\src\main\webapp\WEB-INF\lib\org\springframework\spring-context\5.3.5\spring-context-5.3.5.jar;C:\dev\git_gitea\nexacro-web\src\main\webapp\WEB-INF\lib\org\springframework\spring-expression\5.3.5\spring-expression-5.3.5.jar;C:\dev\git_gitea\nexacro-web\src\main\webapp\WEB-INF\lib\org\springframework\boot\spring-boot-starter-tomcat\2.4.4\spring-boot-starter-tomcat-2.4.4.jar;C:\dev\git_gitea\nexacro-web\src\main\webapp\WEB-INF\lib\jakarta\annotation\jakarta.annotation-api\1.3.5\jakarta.annotation-api-1.3.5.jar;C:\dev\git_gitea\nexacro-web\src\main\webapp\WEB-INF\lib\org\apache\tomcat\embed\tomcat-embed-core\9.0.44\tomcat-embed-core-9.0.44.jar;C:\dev\git_gitea\nexacro-web\src\main\webapp\WEB-INF\lib\org\glassfish\jakarta.el\3.0.3\jakarta.el-3.0.3.jar;C:\dev\git_gitea\nexacro-web\src\main\webapp\WEB-INF\lib\org\apache\tomcat\embed\tomcat-embed-websocket\9.0.44\tomcat-embed-websocket-9.0.44.jar;C:\dev\git_gitea\nexacro-web\src\main\webapp\WEB-INF\lib\org\springframework\boot\spring-boot-starter-test\2.4.4\spring-boot-starter-test-2.4.4.jar;C:\dev\git_gitea\nexacro-web\src\main\webapp\WEB-INF\lib\org\springframework\boot\spring-boot-test\2.4.4\spring-boot-test-2.4.4.jar;C:\dev\git_gitea\nexacro-web\src\main\webapp\WEB-INF\lib\org\springframework\boot\spring-boot-test-autoconfigure\2.4.4\spring-boot-test-autoconfigure-2.4.4.jar;C:\dev\git_gitea\nexacro-web\src\main\webapp\WEB-INF\lib\com\jayway\jsonpath\json-path\2.4.0\json-path-2.4.0.jar;C:\dev\git_gitea\nexacro-web\src\main\webapp\WEB-INF\lib\net\minidev\json-smart\2.3\json-smart-2.3.jar;C:\dev\git_gitea\nexacro-web\src\main\webapp\WEB-INF\lib\net\minidev\accessors-smart\1.2\accessors-smart-1.2.jar;C:\dev\git_gitea\nexacro-web\src\main\webapp\WEB-INF\lib\org\ow2\asm\asm\5.0.4\asm-5.0.4.jar;C:\dev\git_gitea\nexacro-web\src\main\webapp\WEB-INF\lib\jakarta\xml\bind\jakarta.xml.bind-api\2.3.3\jakarta.xml.bind-api-2.3.3.jar;C:\dev\git_gitea\nexacro-web\src\main\webapp\WEB-INF\lib\jakarta\activation\jakarta.activation-api\1.2.2\jakarta.activation-api-1.2.2.jar;C:\dev\git_gitea\nexacro-web\src\main\webapp\WEB-INF\lib\org\assertj\assertj-core\3.18.1\assertj-core-3.18.1.jar;C:\dev\git_gitea\nexacro-web\src\main\webapp\WEB-INF\lib\org\hamcrest\hamcrest\2.2\hamcrest-2.2.jar;C:\dev\git_gitea\nexacro-web\src\main\webapp\WEB-INF\lib\org\junit\jupiter\junit-jupiter\5.7.1\junit-jupiter-5.7.1.jar;C:\dev\git_gitea\nexacro-web\src\main\webapp\WEB-INF\lib\org\junit\jupiter\junit-jupiter-api\5.7.1\junit-jupiter-api-5.7.1.jar;C:\dev\git_gitea\nexacro-web\src\main\webapp\WEB-INF\lib\org\apiguardian\apiguardian-api\1.1.0\apiguardian-api-1.1.0.jar;C:\dev\git_gitea\nexacro-web\src\main\webapp\WEB-INF\lib\org\opentest4j\opentest4j\1.2.0\opentest4j-1.2.0.jar;C:\dev\git_gitea\nexacro-web\src\main\webapp\WEB-INF\lib\org\junit\platform\junit-platform-commons\1.7.1\junit-platform-commons-1.7.1.jar;C:\dev\git_gitea\nexacro-web\src\main\webapp\WEB-INF\lib\org\junit\jupiter\junit-jupiter-params\5.7.1\junit-jupiter-params-5.7.1.jar;C:\dev\git_gitea\nexacro-web\src\main\webapp\WEB-INF\lib\org\junit\jupiter\junit-jupiter-engine\5.7.1\junit-jupiter-engine-5.7.1.jar;C:\dev\git_gitea\nexacro-web\src\main\webapp\WEB-INF\lib\org\junit\platform\junit-platform-engine\1.7.1\junit-platform-engine-1.7.1.jar;C:\dev\git_gitea\nexacro-web\src\main\webapp\WEB-INF\lib\org\mockito\mockito-core\3.6.28\mockito-core-3.6.28.jar;C:\dev\git_gitea\nexacro-web\src\main\webapp\WEB-INF\lib\net\bytebuddy\byte-buddy\1.10.22\byte-buddy-1.10.22.jar;C:\dev\git_gitea\nexacro-web\src\main\webapp\WEB-INF\lib\net\bytebuddy\byte-buddy-agent\1.10.22\byte-buddy-agent-1.10.22.jar;C:\dev\git_gitea\nexacro-web\src\main\webapp\WEB-INF\lib\org\objenesis\objenesis\3.1\objenesis-3.1.jar;C:\dev\git_gitea\nexacro-web\src\main\webapp\WEB-INF\lib\org\mockito\mockito-junit-jupiter\3.6.28\mockito-junit-jupiter-3.6.28.jar;C:\dev\git_gitea\nexacro-web\src\main\webapp\WEB-INF\lib\org\skyscreamer\jsonassert\1.5.0\jsonassert-1.5.0.jar;C:\dev\git_gitea\nexacro-web\src\main\webapp\WEB-INF\lib\com\vaadin\external\google\android-json\0.0.20131108.vaadin1\android-json-0.0.20131108.vaadin1.jar;C:\dev\git_gitea\nexacro-web\src\main\webapp\WEB-INF\lib\org\springframework\spring-core\5.3.5\spring-core-5.3.5.jar;C:\dev\git_gitea\nexacro-web\src\main\webapp\WEB-INF\lib\org\springframework\spring-jcl\5.3.5\spring-jcl-5.3.5.jar;C:\dev\git_gitea\nexacro-web\src\main\webapp\WEB-INF\lib\org\springframework\spring-test\5.3.5\spring-test-5.3.5.jar;C:\dev\git_gitea\nexacro-web\src\main\webapp\WEB-INF\lib\org\xmlunit\xmlunit-core\2.7.0\xmlunit-core-2.7.0.jar;C:\dev\git_gitea\nexacro-web\src\main\webapp\WEB-INF\lib\org\mybatis\spring\boot\mybatis-spring-boot-starter\1.3.2\mybatis-spring-boot-starter-1.3.2.jar;C:\dev\git_gitea\nexacro-web\src\main\webapp\WEB-INF\lib\org\springframework\boot\spring-boot-starter-jdbc\2.4.4\spring-boot-starter-jdbc-2.4.4.jar;C:\dev\git_gitea\nexacro-web\src\main\webapp\WEB-INF\lib\org\springframework\spring-jdbc\5.3.5\spring-jdbc-5.3.5.jar;C:\dev\git_gitea\nexacro-web\src\main\webapp\WEB-INF\lib\org\mybatis\spring\boot\mybatis-spring-boot-autoconfigure\1.3.2\mybatis-spring-boot-autoconfigure-1.3.2.jar;C:\dev\git_gitea\nexacro-web\src\main\webapp\WEB-INF\lib\org\mybatis\mybatis\3.4.6\mybatis-3.4.6.jar;C:\dev\git_gitea\nexacro-web\src\main\webapp\WEB-INF\lib\org\mybatis\mybatis-spring\1.3.2\mybatis-spring-1.3.2.jar;C:\dev\git_gitea\nexacro-web\src\main\webapp\WEB-INF\lib\org\springframework\boot\spring-boot-starter-data-jpa\2.4.4\spring-boot-starter-data-jpa-2.4.4.jar;C:\dev\git_gitea\nexacro-web\src\main\webapp\WEB-INF\lib\org\springframework\boot\spring-boot-starter-aop\2.4.4\spring-boot-starter-aop-2.4.4.jar;C:\dev\git_gitea\nexacro-web\src\main\webapp\WEB-INF\lib\org\aspectj\aspectjweaver\1.9.6\aspectjweaver-1.9.6.jar;C:\dev\git_gitea\nexacro-web\src\main\webapp\WEB-INF\lib\jakarta\transaction\jakarta.transaction-api\1.3.3\jakarta.transaction-api-1.3.3.jar;C:\dev\git_gitea\nexacro-web\src\main\webapp\WEB-INF\lib\jakarta\persistence\jakarta.persistence-api\2.2.3\jakarta.persistence-api-2.2.3.jar;C:\dev\git_gitea\nexacro-web\src\main\webapp\WEB-INF\lib\org\hibernate\hibernate-core\5.4.29.Final\hibernate-core-5.4.29.Final.jar;C:\dev\git_gitea\nexacro-web\src\main\webapp\WEB-INF\lib\org\jboss\logging\jboss-logging\3.4.1.Final\jboss-logging-3.4.1.Final.jar;C:\dev\git_gitea\nexacro-web\src\main\webapp\WEB-INF\lib\org\javassist\javassist\3.27.0-GA\javassist-3.27.0-GA.jar;C:\dev\git_gitea\nexacro-web\src\main\webapp\WEB-INF\lib\antlr\antlr\2.7.7\antlr-2.7.7.jar;C:\dev\git_gitea\nexacro-web\src\main\webapp\WEB-INF\lib\org\jboss\jandex\2.2.3.Final\jandex-2.2.3.Final.jar;C:\dev\git_gitea\nexacro-web\src\main\webapp\WEB-INF\lib\com\fasterxml\classmate\1.5.1\classmate-1.5.1.jar;C:\dev\git_gitea\nexacro-web\src\main\webapp\WEB-INF\lib\org\dom4j\dom4j\2.1.3\dom4j-2.1.3.jar;C:\dev\git_gitea\nexacro-web\src\main\webapp\WEB-INF\lib\org\hibernate\common\hibernate-commons-annotations\5.1.2.Final\hibernate-commons-annotations-5.1.2.Final.jar;C:\dev\git_gitea\nexacro-web\src\main\webapp\WEB-INF\lib\org\glassfish\jaxb\jaxb-runtime\2.3.3\jaxb-runtime-2.3.3.jar;C:\dev\git_gitea\nexacro-web\src\main\webapp\WEB-INF\lib\org\glassfish\jaxb\txw2\2.3.3\txw2-2.3.3.jar;C:\dev\git_gitea\nexacro-web\src\main\webapp\WEB-INF\lib\com\sun\istack\istack-commons-runtime\3.0.11\istack-commons-runtime-3.0.11.jar;C:\dev\git_gitea\nexacro-web\src\main\webapp\WEB-INF\lib\com\sun\activation\jakarta.activation\1.2.2\jakarta.activation-1.2.2.jar;C:\dev\git_gitea\nexacro-web\src\main\webapp\WEB-INF\lib\org\springframework\data\spring-data-jpa\2.4.6\spring-data-jpa-2.4.6.jar;C:\dev\git_gitea\nexacro-web\src\main\webapp\WEB-INF\lib\org\springframework\data\spring-data-commons\2.4.6\spring-data-commons-2.4.6.jar;C:\dev\git_gitea\nexacro-web\src\main\webapp\WEB-INF\lib\org\springframework\spring-orm\5.3.5\spring-orm-5.3.5.jar;C:\dev\git_gitea\nexacro-web\src\main\webapp\WEB-INF\lib\org\springframework\spring-tx\5.3.5\spring-tx-5.3.5.jar;C:\dev\git_gitea\nexacro-web\src\main\webapp\WEB-INF\lib\org\springframework\spring-aspects\5.3.5\spring-aspects-5.3.5.jar;C:\dev\git_gitea\nexacro-web\src\main\webapp\WEB-INF\lib\com\oracle\database\jdbc\ojdbc8\19.8.0.0\ojdbc8-19.8.0.0.jar;C:\dev\git_gitea\nexacro-web\src\main\webapp\WEB-INF\lib\com\oracle\ojdbc\orai18n\19.3.0.0\orai18n-19.3.0.0.jar;C:\dev\git_gitea\nexacro-web\src\main\webapp\WEB-INF\lib\com\zaxxer\HikariCP\2.6.0\HikariCP-2.6.0.jar;C:\dev\git_gitea\nexacro-web\src\main\webapp\WEB-INF\lib\org\slf4j\slf4j-api\1.7.30\slf4j-api-1.7.30.jar;C:\dev\git_gitea\nexacro-web\src\main\webapp\WEB-INF\lib\org\projectlombok\lombok\1.18.18\lombok-1.18.18.jar;"/>
    <property name="java.vm.vendor" value="Oracle Corporation"/>
    <property name="sun.arch.data.model" value="64"/>
    <property name="user.variant" value=""/>
    <property name="java.vendor.url" value="http://java.oracle.com/"/>
    <property name="user.timezone" value="Asia/Seoul"/>
    <property name="java.vm.specification.version" value="1.8"/>
    <property name="os.name" value="Windows 8.1"/>
    <property name="user.country" value="KR"/>
    <property name="sun.java.launcher" value="SUN_STANDARD"/>
    <property name="sun.boot.library.path" value="C:\dev\Java\jdk1.8.0_25\jre\bin"/>
    <property name="sun.java.command" value="C:\Users\kims7\AppData\Local\Temp\surefire8961013253663545579\surefirebooter5810519721742139786.jar C:\Users\kims7\AppData\Local\Temp\surefire8961013253663545579 2024-10-06T14-20-33_493-jvmRun1 surefire801390239801485259tmp surefire_07939988815465985508tmp"/>
    <property name="surefire.test.class.path" value="C:\dev\git_gitea\nexacro-web\target\test-classes;C:\dev\git_gitea\nexacro-web\target\classes;C:\dev\git_gitea\nexacro-web\src\main\webapp\WEB-INF\lib\org\springframework\boot\spring-boot-starter-web\2.4.4\spring-boot-starter-web-2.4.4.jar;C:\dev\git_gitea\nexacro-web\src\main\webapp\WEB-INF\lib\org\springframework\boot\spring-boot-starter\2.4.4\spring-boot-starter-2.4.4.jar;C:\dev\git_gitea\nexacro-web\src\main\webapp\WEB-INF\lib\org\springframework\boot\spring-boot\2.4.4\spring-boot-2.4.4.jar;C:\dev\git_gitea\nexacro-web\src\main\webapp\WEB-INF\lib\org\springframework\boot\spring-boot-autoconfigure\2.4.4\spring-boot-autoconfigure-2.4.4.jar;C:\dev\git_gitea\nexacro-web\src\main\webapp\WEB-INF\lib\org\springframework\boot\spring-boot-starter-logging\2.4.4\spring-boot-starter-logging-2.4.4.jar;C:\dev\git_gitea\nexacro-web\src\main\webapp\WEB-INF\lib\ch\qos\logback\logback-classic\1.2.3\logback-classic-1.2.3.jar;C:\dev\git_gitea\nexacro-web\src\main\webapp\WEB-INF\lib\ch\qos\logback\logback-core\1.2.3\logback-core-1.2.3.jar;C:\dev\git_gitea\nexacro-web\src\main\webapp\WEB-INF\lib\org\apache\logging\log4j\log4j-to-slf4j\2.13.3\log4j-to-slf4j-2.13.3.jar;C:\dev\git_gitea\nexacro-web\src\main\webapp\WEB-INF\lib\org\apache\logging\log4j\log4j-api\2.13.3\log4j-api-2.13.3.jar;C:\dev\git_gitea\nexacro-web\src\main\webapp\WEB-INF\lib\org\slf4j\jul-to-slf4j\1.7.30\jul-to-slf4j-1.7.30.jar;C:\dev\git_gitea\nexacro-web\src\main\webapp\WEB-INF\lib\org\yaml\snakeyaml\1.27\snakeyaml-1.27.jar;C:\dev\git_gitea\nexacro-web\src\main\webapp\WEB-INF\lib\org\springframework\boot\spring-boot-starter-json\2.4.4\spring-boot-starter-json-2.4.4.jar;C:\dev\git_gitea\nexacro-web\src\main\webapp\WEB-INF\lib\com\fasterxml\jackson\core\jackson-databind\2.11.4\jackson-databind-2.11.4.jar;C:\dev\git_gitea\nexacro-web\src\main\webapp\WEB-INF\lib\com\fasterxml\jackson\core\jackson-annotations\2.11.4\jackson-annotations-2.11.4.jar;C:\dev\git_gitea\nexacro-web\src\main\webapp\WEB-INF\lib\com\fasterxml\jackson\core\jackson-core\2.11.4\jackson-core-2.11.4.jar;C:\dev\git_gitea\nexacro-web\src\main\webapp\WEB-INF\lib\com\fasterxml\jackson\datatype\jackson-datatype-jdk8\2.11.4\jackson-datatype-jdk8-2.11.4.jar;C:\dev\git_gitea\nexacro-web\src\main\webapp\WEB-INF\lib\com\fasterxml\jackson\datatype\jackson-datatype-jsr310\2.11.4\jackson-datatype-jsr310-2.11.4.jar;C:\dev\git_gitea\nexacro-web\src\main\webapp\WEB-INF\lib\com\fasterxml\jackson\module\jackson-module-parameter-names\2.11.4\jackson-module-parameter-names-2.11.4.jar;C:\dev\git_gitea\nexacro-web\src\main\webapp\WEB-INF\lib\org\springframework\spring-web\5.3.5\spring-web-5.3.5.jar;C:\dev\git_gitea\nexacro-web\src\main\webapp\WEB-INF\lib\org\springframework\spring-beans\5.3.5\spring-beans-5.3.5.jar;C:\dev\git_gitea\nexacro-web\src\main\webapp\WEB-INF\lib\org\springframework\spring-webmvc\5.3.5\spring-webmvc-5.3.5.jar;C:\dev\git_gitea\nexacro-web\src\main\webapp\WEB-INF\lib\org\springframework\spring-aop\5.3.5\spring-aop-5.3.5.jar;C:\dev\git_gitea\nexacro-web\src\main\webapp\WEB-INF\lib\org\springframework\spring-context\5.3.5\spring-context-5.3.5.jar;C:\dev\git_gitea\nexacro-web\src\main\webapp\WEB-INF\lib\org\springframework\spring-expression\5.3.5\spring-expression-5.3.5.jar;C:\dev\git_gitea\nexacro-web\src\main\webapp\WEB-INF\lib\org\springframework\boot\spring-boot-starter-tomcat\2.4.4\spring-boot-starter-tomcat-2.4.4.jar;C:\dev\git_gitea\nexacro-web\src\main\webapp\WEB-INF\lib\jakarta\annotation\jakarta.annotation-api\1.3.5\jakarta.annotation-api-1.3.5.jar;C:\dev\git_gitea\nexacro-web\src\main\webapp\WEB-INF\lib\org\apache\tomcat\embed\tomcat-embed-core\9.0.44\tomcat-embed-core-9.0.44.jar;C:\dev\git_gitea\nexacro-web\src\main\webapp\WEB-INF\lib\org\glassfish\jakarta.el\3.0.3\jakarta.el-3.0.3.jar;C:\dev\git_gitea\nexacro-web\src\main\webapp\WEB-INF\lib\org\apache\tomcat\embed\tomcat-embed-websocket\9.0.44\tomcat-embed-websocket-9.0.44.jar;C:\dev\git_gitea\nexacro-web\src\main\webapp\WEB-INF\lib\org\springframework\boot\spring-boot-starter-test\2.4.4\spring-boot-starter-test-2.4.4.jar;C:\dev\git_gitea\nexacro-web\src\main\webapp\WEB-INF\lib\org\springframework\boot\spring-boot-test\2.4.4\spring-boot-test-2.4.4.jar;C:\dev\git_gitea\nexacro-web\src\main\webapp\WEB-INF\lib\org\springframework\boot\spring-boot-test-autoconfigure\2.4.4\spring-boot-test-autoconfigure-2.4.4.jar;C:\dev\git_gitea\nexacro-web\src\main\webapp\WEB-INF\lib\com\jayway\jsonpath\json-path\2.4.0\json-path-2.4.0.jar;C:\dev\git_gitea\nexacro-web\src\main\webapp\WEB-INF\lib\net\minidev\json-smart\2.3\json-smart-2.3.jar;C:\dev\git_gitea\nexacro-web\src\main\webapp\WEB-INF\lib\net\minidev\accessors-smart\1.2\accessors-smart-1.2.jar;C:\dev\git_gitea\nexacro-web\src\main\webapp\WEB-INF\lib\org\ow2\asm\asm\5.0.4\asm-5.0.4.jar;C:\dev\git_gitea\nexacro-web\src\main\webapp\WEB-INF\lib\jakarta\xml\bind\jakarta.xml.bind-api\2.3.3\jakarta.xml.bind-api-2.3.3.jar;C:\dev\git_gitea\nexacro-web\src\main\webapp\WEB-INF\lib\jakarta\activation\jakarta.activation-api\1.2.2\jakarta.activation-api-1.2.2.jar;C:\dev\git_gitea\nexacro-web\src\main\webapp\WEB-INF\lib\org\assertj\assertj-core\3.18.1\assertj-core-3.18.1.jar;C:\dev\git_gitea\nexacro-web\src\main\webapp\WEB-INF\lib\org\hamcrest\hamcrest\2.2\hamcrest-2.2.jar;C:\dev\git_gitea\nexacro-web\src\main\webapp\WEB-INF\lib\org\junit\jupiter\junit-jupiter\5.7.1\junit-jupiter-5.7.1.jar;C:\dev\git_gitea\nexacro-web\src\main\webapp\WEB-INF\lib\org\junit\jupiter\junit-jupiter-api\5.7.1\junit-jupiter-api-5.7.1.jar;C:\dev\git_gitea\nexacro-web\src\main\webapp\WEB-INF\lib\org\apiguardian\apiguardian-api\1.1.0\apiguardian-api-1.1.0.jar;C:\dev\git_gitea\nexacro-web\src\main\webapp\WEB-INF\lib\org\opentest4j\opentest4j\1.2.0\opentest4j-1.2.0.jar;C:\dev\git_gitea\nexacro-web\src\main\webapp\WEB-INF\lib\org\junit\platform\junit-platform-commons\1.7.1\junit-platform-commons-1.7.1.jar;C:\dev\git_gitea\nexacro-web\src\main\webapp\WEB-INF\lib\org\junit\jupiter\junit-jupiter-params\5.7.1\junit-jupiter-params-5.7.1.jar;C:\dev\git_gitea\nexacro-web\src\main\webapp\WEB-INF\lib\org\junit\jupiter\junit-jupiter-engine\5.7.1\junit-jupiter-engine-5.7.1.jar;C:\dev\git_gitea\nexacro-web\src\main\webapp\WEB-INF\lib\org\junit\platform\junit-platform-engine\1.7.1\junit-platform-engine-1.7.1.jar;C:\dev\git_gitea\nexacro-web\src\main\webapp\WEB-INF\lib\org\mockito\mockito-core\3.6.28\mockito-core-3.6.28.jar;C:\dev\git_gitea\nexacro-web\src\main\webapp\WEB-INF\lib\net\bytebuddy\byte-buddy\1.10.22\byte-buddy-1.10.22.jar;C:\dev\git_gitea\nexacro-web\src\main\webapp\WEB-INF\lib\net\bytebuddy\byte-buddy-agent\1.10.22\byte-buddy-agent-1.10.22.jar;C:\dev\git_gitea\nexacro-web\src\main\webapp\WEB-INF\lib\org\objenesis\objenesis\3.1\objenesis-3.1.jar;C:\dev\git_gitea\nexacro-web\src\main\webapp\WEB-INF\lib\org\mockito\mockito-junit-jupiter\3.6.28\mockito-junit-jupiter-3.6.28.jar;C:\dev\git_gitea\nexacro-web\src\main\webapp\WEB-INF\lib\org\skyscreamer\jsonassert\1.5.0\jsonassert-1.5.0.jar;C:\dev\git_gitea\nexacro-web\src\main\webapp\WEB-INF\lib\com\vaadin\external\google\android-json\0.0.20131108.vaadin1\android-json-0.0.20131108.vaadin1.jar;C:\dev\git_gitea\nexacro-web\src\main\webapp\WEB-INF\lib\org\springframework\spring-core\5.3.5\spring-core-5.3.5.jar;C:\dev\git_gitea\nexacro-web\src\main\webapp\WEB-INF\lib\org\springframework\spring-jcl\5.3.5\spring-jcl-5.3.5.jar;C:\dev\git_gitea\nexacro-web\src\main\webapp\WEB-INF\lib\org\springframework\spring-test\5.3.5\spring-test-5.3.5.jar;C:\dev\git_gitea\nexacro-web\src\main\webapp\WEB-INF\lib\org\xmlunit\xmlunit-core\2.7.0\xmlunit-core-2.7.0.jar;C:\dev\git_gitea\nexacro-web\src\main\webapp\WEB-INF\lib\org\mybatis\spring\boot\mybatis-spring-boot-starter\1.3.2\mybatis-spring-boot-starter-1.3.2.jar;C:\dev\git_gitea\nexacro-web\src\main\webapp\WEB-INF\lib\org\springframework\boot\spring-boot-starter-jdbc\2.4.4\spring-boot-starter-jdbc-2.4.4.jar;C:\dev\git_gitea\nexacro-web\src\main\webapp\WEB-INF\lib\org\springframework\spring-jdbc\5.3.5\spring-jdbc-5.3.5.jar;C:\dev\git_gitea\nexacro-web\src\main\webapp\WEB-INF\lib\org\mybatis\spring\boot\mybatis-spring-boot-autoconfigure\1.3.2\mybatis-spring-boot-autoconfigure-1.3.2.jar;C:\dev\git_gitea\nexacro-web\src\main\webapp\WEB-INF\lib\org\mybatis\mybatis\3.4.6\mybatis-3.4.6.jar;C:\dev\git_gitea\nexacro-web\src\main\webapp\WEB-INF\lib\org\mybatis\mybatis-spring\1.3.2\mybatis-spring-1.3.2.jar;C:\dev\git_gitea\nexacro-web\src\main\webapp\WEB-INF\lib\org\springframework\boot\spring-boot-starter-data-jpa\2.4.4\spring-boot-starter-data-jpa-2.4.4.jar;C:\dev\git_gitea\nexacro-web\src\main\webapp\WEB-INF\lib\org\springframework\boot\spring-boot-starter-aop\2.4.4\spring-boot-starter-aop-2.4.4.jar;C:\dev\git_gitea\nexacro-web\src\main\webapp\WEB-INF\lib\org\aspectj\aspectjweaver\1.9.6\aspectjweaver-1.9.6.jar;C:\dev\git_gitea\nexacro-web\src\main\webapp\WEB-INF\lib\jakarta\transaction\jakarta.transaction-api\1.3.3\jakarta.transaction-api-1.3.3.jar;C:\dev\git_gitea\nexacro-web\src\main\webapp\WEB-INF\lib\jakarta\persistence\jakarta.persistence-api\2.2.3\jakarta.persistence-api-2.2.3.jar;C:\dev\git_gitea\nexacro-web\src\main\webapp\WEB-INF\lib\org\hibernate\hibernate-core\5.4.29.Final\hibernate-core-5.4.29.Final.jar;C:\dev\git_gitea\nexacro-web\src\main\webapp\WEB-INF\lib\org\jboss\logging\jboss-logging\3.4.1.Final\jboss-logging-3.4.1.Final.jar;C:\dev\git_gitea\nexacro-web\src\main\webapp\WEB-INF\lib\org\javassist\javassist\3.27.0-GA\javassist-3.27.0-GA.jar;C:\dev\git_gitea\nexacro-web\src\main\webapp\WEB-INF\lib\antlr\antlr\2.7.7\antlr-2.7.7.jar;C:\dev\git_gitea\nexacro-web\src\main\webapp\WEB-INF\lib\org\jboss\jandex\2.2.3.Final\jandex-2.2.3.Final.jar;C:\dev\git_gitea\nexacro-web\src\main\webapp\WEB-INF\lib\com\fasterxml\classmate\1.5.1\classmate-1.5.1.jar;C:\dev\git_gitea\nexacro-web\src\main\webapp\WEB-INF\lib\org\dom4j\dom4j\2.1.3\dom4j-2.1.3.jar;C:\dev\git_gitea\nexacro-web\src\main\webapp\WEB-INF\lib\org\hibernate\common\hibernate-commons-annotations\5.1.2.Final\hibernate-commons-annotations-5.1.2.Final.jar;C:\dev\git_gitea\nexacro-web\src\main\webapp\WEB-INF\lib\org\glassfish\jaxb\jaxb-runtime\2.3.3\jaxb-runtime-2.3.3.jar;C:\dev\git_gitea\nexacro-web\src\main\webapp\WEB-INF\lib\org\glassfish\jaxb\txw2\2.3.3\txw2-2.3.3.jar;C:\dev\git_gitea\nexacro-web\src\main\webapp\WEB-INF\lib\com\sun\istack\istack-commons-runtime\3.0.11\istack-commons-runtime-3.0.11.jar;C:\dev\git_gitea\nexacro-web\src\main\webapp\WEB-INF\lib\com\sun\activation\jakarta.activation\1.2.2\jakarta.activation-1.2.2.jar;C:\dev\git_gitea\nexacro-web\src\main\webapp\WEB-INF\lib\org\springframework\data\spring-data-jpa\2.4.6\spring-data-jpa-2.4.6.jar;C:\dev\git_gitea\nexacro-web\src\main\webapp\WEB-INF\lib\org\springframework\data\spring-data-commons\2.4.6\spring-data-commons-2.4.6.jar;C:\dev\git_gitea\nexacro-web\src\main\webapp\WEB-INF\lib\org\springframework\spring-orm\5.3.5\spring-orm-5.3.5.jar;C:\dev\git_gitea\nexacro-web\src\main\webapp\WEB-INF\lib\org\springframework\spring-tx\5.3.5\spring-tx-5.3.5.jar;C:\dev\git_gitea\nexacro-web\src\main\webapp\WEB-INF\lib\org\springframework\spring-aspects\5.3.5\spring-aspects-5.3.5.jar;C:\dev\git_gitea\nexacro-web\src\main\webapp\WEB-INF\lib\com\oracle\database\jdbc\ojdbc8\19.8.0.0\ojdbc8-19.8.0.0.jar;C:\dev\git_gitea\nexacro-web\src\main\webapp\WEB-INF\lib\com\oracle\ojdbc\orai18n\19.3.0.0\orai18n-19.3.0.0.jar;C:\dev\git_gitea\nexacro-web\src\main\webapp\WEB-INF\lib\com\zaxxer\HikariCP\2.6.0\HikariCP-2.6.0.jar;C:\dev\git_gitea\nexacro-web\src\main\webapp\WEB-INF\lib\org\slf4j\slf4j-api\1.7.30\slf4j-api-1.7.30.jar;C:\dev\git_gitea\nexacro-web\src\main\webapp\WEB-INF\lib\org\projectlombok\lombok\1.18.18\lombok-1.18.18.jar;"/>
    <property name="sun.cpu.endian" value="little"/>
    <property name="user.home" value="C:\Users\kims7"/>
    <property name="user.language" value="ko"/>
    <property name="java.specification.vendor" value="Oracle Corporation"/>
    <property name="java.home" value="C:\dev\Java\jdk1.8.0_25\jre"/>
    <property name="basedir" value="C:\dev\git_gitea\nexacro-web"/>
    <property name="style.color" value="always"/>
    <property name="file.separator" value="\"/>
    <property name="line.separator" value="&#10;"/>
    <property name="java.vm.specification.vendor" value="Oracle Corporation"/>
    <property name="java.specification.name" value="Java Platform API Specification"/>
    <property name="java.awt.graphicsenv" value="sun.awt.Win32GraphicsEnvironment"/>
    <property name="surefire.real.class.path" value="C:\Users\kims7\AppData\Local\Temp\surefire8961013253663545579\surefirebooter5810519721742139786.jar"/>
    <property name="sun.boot.class.path" value="C:\dev\Java\jdk1.8.0_25\jre\lib\resources.jar;C:\dev\Java\jdk1.8.0_25\jre\lib\rt.jar;C:\dev\Java\jdk1.8.0_25\jre\lib\sunrsasign.jar;C:\dev\Java\jdk1.8.0_25\jre\lib\jsse.jar;C:\dev\Java\jdk1.8.0_25\jre\lib\jce.jar;C:\dev\Java\jdk1.8.0_25\jre\lib\charsets.jar;C:\dev\Java\jdk1.8.0_25\jre\lib\jfr.jar;C:\dev\Java\jdk1.8.0_25\jre\classes"/>
    <property name="user.script" value=""/>
    <property name="sun.management.compiler" value="HotSpot 64-Bit Tiered Compilers"/>
    <property name="java.runtime.version" value="1.8.0_25-b18"/>
    <property name="user.name" value="kims7"/>
    <property name="path.separator" value=";"/>
    <property name="os.version" value="6.3"/>
    <property name="java.endorsed.dirs" value="C:\dev\Java\jdk1.8.0_25\jre\lib\endorsed"/>
    <property name="java.runtime.name" value="Java(TM) SE Runtime Environment"/>
    <property name="file.encoding" value="MS949"/>
    <property name="java.vm.name" value="Java HotSpot(TM) 64-Bit Server VM"/>
    <property name="localRepository" value="C:\dev\git_gitea\nexacro-web\src\main\webapp\WEB-INF\lib"/>
    <property name="java.vendor.url.bug" value="http://bugreport.sun.com/bugreport/"/>
    <property name="java.io.tmpdir" value="C:\Users\kims7\AppData\Local\Temp\"/>
    <property name="java.version" value="1.8.0_25"/>
    <property name="user.dir" value="C:\dev\git_gitea\nexacro-web"/>
    <property name="os.arch" value="amd64"/>
    <property name="java.vm.specification.name" value="Java Virtual Machine Specification"/>
    <property name="java.awt.printerjob" value="sun.awt.windows.WPrinterJob"/>
    <property name="sun.os.patch.level" value=""/>
    <property name="java.library.path" value="C:\dev\Java\jdk1.8.0_25\jre\bin;C:\Windows\Sun\Java\bin;C:\Windows\system32;C:\Windows;C:/Program Files/Java/jre1.8.0_25/bin/server;C:/Program Files/Java/jre1.8.0_25/bin;C:/Program Files/Java/jre1.8.0_25/lib/amd64;d:\app\kims7\product\11.2.0\dbhome_1\bin;C:\Windows\system32;C:\Windows;C:\Windows\System32\Wbem;C:\Windows\System32\WindowsPowerShell\v1.0\;C:\Windows\System32\OpenSSH\;C:\Program Files\Bandizip\;C:\Program Files\Git\cmd;%JAVA_HOME%\bin;C:\Program Files\MySQL\MySQL Shell 8.0\bin\;C:\Users\kims7\AppData\Local\Microsoft\WindowsApps;C:\Users\kims7\AppData\Local\GitHubDesktop\bin;D:\spring-tool-suite-4-4.5.1\sts-4.5.1.RELEASE;;."/>
    <property name="java.vm.info" value="mixed mode"/>
    <property name="java.vendor" value="Oracle Corporation"/>
    <property name="java.vm.version" value="25.25-b02"/>
    <property name="java.ext.dirs" value="C:\dev\Java\jdk1.8.0_25\jre\lib\ext;C:\Windows\Sun\Java\lib\ext"/>
    <property name="sun.io.unicode.encoding" value="UnicodeLittle"/>
    <property name="java.class.version" value="52.0"/>
  </properties>
  <testcase name="contextLoads" classname="com.kims.nexacro.DemoNexacroWeb2ApplicationTests" time="0.083"/>
</testsuite>